2018-08-30 10:18:17,483-INFO: java表《 AbstractEhrPersonalFile》 的APP端JAVA文件与WEB后台配置的FieldName完全相同
2018-08-30 10:18:17,709-INFO: java表《 AbstractEhrHeRecord》 的APP端JAVA文件与WEB后台配置的FieldName完全相同
2018-08-30 10:18:17,943-INFO: java表《 AbstractEhrHypertensionInfomation》 的APP端JAVA文件与WEB后台配置的FieldName完全相同
2018-08-30 10:18:18,195-INFO: java表《 AbstractEhrHypertensionFollowup》 的APP端JAVA文件与WEB后台配置的FieldName完全相同
2018-08-30 10:18:18,394-INFO: java表《 AbstractEhrDiabetesInfomation》 的APP端JAVA文件与WEB后台配置的FieldName完全相同
2018-08-30 10:18:18,629-INFO: java表《 AbstractEhrDiabetesFollowup》 的APP端JAVA文件与WEB后台配置的FieldName完全相同
2018-08-30 10:18:18,870-INFO: java表《 EhrMaternalInformation》 的APP端JAVA文件与WEB后台配置的FieldName完全相同
2018-08-30 10:18:19,107-INFO: java表《 EhrMaternalFollowupFirst》 的APP端JAVA文件与WEB后台配置的FieldName完全相同
2018-08-30 10:18:19,325-INFO: java表《 EhrMaternalTwoToFive》 的APP端JAVA文件与WEB后台配置的FieldName完全相同
2018-08-30 10:18:19,564-INFO: java表《 EhrMaternalAfter42》 的APP端JAVA文件与WEB后台配置的FieldName完全相同
2018-08-30 10:18:19,839-INFO: java表《 EhrMaternalAfter》 的APP端JAVA文件与WEB后台配置的FieldName完全相同
2018-08-30 10:18:20,076-INFO: java表《 EhrTuberculosisCardDto》 的APP端JAVA文件与WEB后台配置的FieldName完全相同
2018-08-30 10:18:20,308-INFO: java表《 PsyInfomation》 的APP端JAVA文件与WEB后台配置的FieldName完全相同
2018-08-30 10:18:20,540-INFO: java表《 PsyFollowUp》 的APP端JAVA文件与WEB后台配置的FieldName完全相同
2018-08-30 10:18:20,757-INFO: java表《 EhrClinicalReceptionDto》 的APP端JAVA文件与WEB后台配置的FieldName完全相同
2018-08-30 10:18:20,972-INFO: java表《 EhrConsultationReceptionDto》 的APP端JAVA文件与WEB后台配置的FieldName完全相同
2018-08-30 10:18:21,166-INFO: java表《 EhrDualReferralInDto》 的APP端JAVA文件与WEB后台配置的FieldName完全相同
2018-08-30 10:18:21,392-INFO: java表《 EhrDualReferralOutDto》 的APP端JAVA文件与WEB后台配置的FieldName完全相同
2018-08-30 10:18:21,628-INFO: java表《 EhrInspectionInfoDto》 的APP端JAVA文件与WEB后台配置的FieldName完全相同
2018-08-30 10:18:21,851-INFO: java表《 EhrSuperviseInfoDto》 的APP端JAVA文件与WEB后台配置的FieldName完全相同
2018-08-30 10:18:22,083-INFO: java表《 EhrElderlyZhongyiDto》 的APP端JAVA文件与WEB后台配置的FieldName完全相同
2018-08-30 10:18:22,316-INFO: java表《 EhrChildrenZhongyiDto》 的APP端JAVA文件与WEB后台配置的FieldName完全相同
2018-08-30 10:18:22,546-INFO: java表《 GgwsDiseaseDto》 的APP端JAVA文件与WEB后台配置的FieldName完全相同
2018-08-30 10:18:22,863-INFO: java表《 GgwsEhrTraumaDto》 的APP端JAVA文件与WEB后台配置的FieldName完全相同
2018-08-30 10:18:23,076-INFO: java表《 GgwsEhrBloodDto》 的APP端JAVA文件与WEB后台配置的FieldName完全相同
2018-08-30 10:18:23,309-INFO: java表《 GgwsEhrOperationDto》 的APP端JAVA文件与WEB后台配置的FieldName完全相同
2018-08-30 10:18:23,521-INFO: java表《 AbstractEhrHeAdmission》 的APP端JAVA文件与WEB后台配置的FieldName完全相同
2018-08-30 10:18:23,712-INFO: java表《 AbstractEhrHeDrug》 的APP端JAVA文件与WEB后台配置的FieldName完全相同
2018-08-30 10:18:23,899-INFO: java表《 AbstractEhrHeNpimmunization》 的APP端JAVA文件与WEB后台配置的FieldName完全相同
2018-08-30 10:18:24,130-INFO: java表《 ImmunifactionCard》 的APP端JAVA文件与WEB后台配置的FieldName完全相同
2018-08-30 10:18:24,342-INFO: java表《 EhrChildrenExam》 的APP端JAVA文件与WEB后台配置的FieldName完全相同
2018-08-30 10:18:24,569-INFO: java表《 EhrTuberculosisFirstDto》 的APP端JAVA文件与WEB后台配置的FieldName完全相同
2018-08-30 10:18:24,791-INFO: java表《 EhrElderlyInfomation》 的APP端JAVA文件与WEB后台配置的FieldName完全相同
2018-08-30 10:18:24,971-INFO: java表《 EhrChildrenInformation》 的APP端JAVA文件与WEB后台配置的FieldName完全相同
2018-08-30 10:18:25,368-INFO: java表《 EhrContagionInfoDto》 的APP端JAVA文件与WEB后台配置的FieldName完全相同
2018-08-30 10:18:25,561-INFO: java表《 EhrElderlyEstimate》 的APP端JAVA文件与WEB后台配置的FieldName完全相同
2018-08-30 10:18:25,752-INFO: java表《 EhrEventsInfoDto》 的APP端JAVA文件与WEB后台配置的FieldName完全相同
2018-08-30 10:18:25,968-INFO: java表《 EhrTeachingRecorde》 的APP端JAVA文件与WEB后台配置的FieldName完全相同
2018-08-30 10:18:26,209-INFO: java表《 EhrTuberculosisFluDto》 的APP端JAVA文件与WEB后台配置的FieldName完全相同
2018-08-30 10:18:26,396-INFO: java表《 EhrChildrenFollowup》 的APP端JAVA文件与WEB后台配置的FieldName完全相同
2018-08-30 10:18:26,593-INFO: java表《 GgwsEhrFamilyDto》 的APP端JAVA文件与WEB后台配置的FieldName完全相同
